<?xml version="1.0" encoding="UTF-8"?>
<!-- Generated by org.testng.reporters.JUnitXMLReporter -->
<testsuite ignored="0" hostname="DESKTOP-LN63G42" failures="0" tests="3" name="Default test" time="6.787" errors="0" timestamp="2023-08-18T06:04:51 CDT">
  <testcase classname="api.test.UserTests" name="updateUserByName" time="4.18"/>
  <testcase classname="api.test.UserTests" name="testUser" time="1.223"/>
  <testcase classname="api.test.UserTests" name="testUserByName" time="1.229"/>
</testsuite> <!-- Default test -->
