<?xml version="1.0" encoding="UTF-8"?>
<testng-results ignored="0" total="3" passed="3" failed="0" skipped="0">
  <reporter-output>
  </reporter-output>
  <suite started-at="2023-08-19T05:02:37 CDT" name="PetSuite" finished-at="2023-08-19T05:02:45 CDT" duration-ms="7708">
    <groups>
    </groups>
    <test started-at="2023-08-19T05:02:37 CDT" name="PetTest" finished-at="2023-08-19T05:02:45 CDT" duration-ms="7708">
      <class name="api.test.UserTests2">
        <test-method is-config="true" signature="setup()[pri:0, instance:api.test.UserTests2@2d3379b4]" started-at="2023-08-19T05:02:37 CDT" name="setup" finished-at="2023-08-19T05:02:38 CDT" duration-ms="463" status="PASS">
          <reporter-output>
          </reporter-output>
        </test-method> <!-- setup -->
        <test-method signature="updateUserByName()[pri:0, instance:api.test.UserTests2@2d3379b4]" started-at="2023-08-19T05:02:38 CDT" name="updateUserByName" finished-at="2023-08-19T05:02:42 CDT" duration-ms="4156" status="PASS">
          <reporter-output>
          </reporter-output>
        </test-method> <!-- updateUserByName -->
        <test-method signature="testUser()[pri:1, instance:api.test.UserTests2@2d3379b4]" started-at="2023-08-19T05:02:42 CDT" name="testUser" finished-at="2023-08-19T05:02:43 CDT" duration-ms="1402" status="PASS">
          <reporter-output>
          </reporter-output>
        </test-method> <!-- testUser -->
        <test-method signature="testUserByName()[pri:2, instance:api.test.UserTests2@2d3379b4]" started-at="2023-08-19T05:02:43 CDT" name="testUserByName" finished-at="2023-08-19T05:02:45 CDT" duration-ms="1407" status="PASS">
          <reporter-output>
          </reporter-output>
        </test-method> <!-- testUserByName -->
      </class> <!-- api.test.UserTests2 -->
    </test> <!-- PetTest -->
  </suite> <!-- PetSuite -->
</testng-results>
