<?xml version="1.0" encoding="UTF-8"?>
<testng-results ignored="0" total="3" passed="3" failed="0" skipped="0">
  <reporter-output>
  </reporter-output>
  <suite started-at="2023-08-19T03:37:31 CDT" name="PetSuite" finished-at="2023-08-19T03:37:38 CDT" duration-ms="7073">
    <groups>
    </groups>
    <test started-at="2023-08-19T03:37:31 CDT" name="PetTest" finished-at="2023-08-19T03:37:38 CDT" duration-ms="7073">
      <class name="api.test.UserTests2">
        <test-method is-config="true" signature="setup()[pri:0, instance:api.test.UserTests2@491b9b8]" started-at="2023-08-19T03:37:32 CDT" name="setup" finished-at="2023-08-19T03:37:32 CDT" duration-ms="463" status="PASS">
          <reporter-output>
          </reporter-output>
        </test-method> <!-- setup -->
        <test-method signature="updateUserByName()[pri:0, instance:api.test.UserTests2@491b9b8]" started-at="2023-08-19T03:37:32 CDT" name="updateUserByName" finished-at="2023-08-19T03:37:36 CDT" duration-ms="3856" status="PASS">
          <reporter-output>
          </reporter-output>
        </test-method> <!-- updateUserByName -->
        <test-method signature="testUser()[pri:1, instance:api.test.UserTests2@491b9b8]" started-at="2023-08-19T03:37:36 CDT" name="testUser" finished-at="2023-08-19T03:37:37 CDT" duration-ms="1273" status="PASS">
          <reporter-output>
          </reporter-output>
        </test-method> <!-- testUser -->
        <test-method signature="testUserByName()[pri:2, instance:api.test.UserTests2@491b9b8]" started-at="2023-08-19T03:37:37 CDT" name="testUserByName" finished-at="2023-08-19T03:37:38 CDT" duration-ms="1251" status="PASS">
          <reporter-output>
          </reporter-output>
        </test-method> <!-- testUserByName -->
      </class> <!-- api.test.UserTests2 -->
    </test> <!-- PetTest -->
  </suite> <!-- PetSuite -->
</testng-results>
