<?xml version="1.0" encoding="UTF-8"?>
<!-- Generated by org.testng.reporters.JUnitXMLReporter -->
<testsuite ignored="0" hostname="DESKTOP-LN63G42" failures="0" tests="3" name="PetTest" time="7.708" errors="0" timestamp="2023-08-19T05:02:45 CDT">
  <testcase classname="api.test.UserTests2" name="updateUserByName" time="4.156"/>
  <testcase classname="api.test.UserTests2" name="testUser" time="1.402"/>
  <testcase classname="api.test.UserTests2" name="testUserByName" time="1.407"/>
</testsuite> <!-- PetTest -->
