<?xml version="1.0" encoding="UTF-8"?>
<!-- Generated by org.testng.reporters.JUnitXMLReporter -->
<testsuite ignored="0" hostname="DESKTOP-LN63G42" failures="0" tests="3" name="PetTest" time="7.073" errors="0" timestamp="2023-08-19T03:37:39 CDT">
  <testcase classname="api.test.UserTests2" name="updateUserByName" time="3.856"/>
  <testcase classname="api.test.UserTests2" name="testUser" time="1.273"/>
  <testcase classname="api.test.UserTests2" name="testUserByName" time="1.251"/>
</testsuite> <!-- PetTest -->
